[2014-11-18 08:52:21] MicroCMS.INFO: Matched route "GET_" (parameters: "_controller": "{}", "_route": "GET_") [] []
[2014-11-18 08:52:22] MicroCMS.INFO: > GET / [] []
[2014-11-18 08:52:22] MicroCMS.INFO: < 200 [] []
[2014-11-18 08:52:22] MicroCMS.INFO: Matched route "_wdt" (parameters: "_controller": "web_profiler.controller.profiler:toolbarAction", "token": "c0e90a", "_route": "_wdt") [] []
[2014-11-18 08:52:22] MicroCMS.INFO: > GET /_profiler/wdt/c0e90a [] []
[2014-11-18 08:52:22] MicroCMS.INFO: < 200 [] []
[2014-11-18 08:55:41] MicroCMS.INFO: Matched route "GET_" (parameters: "_controller": "{}", "_route": "GET_") [] []
[2014-11-18 08:55:41] MicroCMS.INFO: > GET / [] []
[2014-11-18 08:55:41] MicroCMS.INFO: < 200 [] []
[2014-11-18 08:55:41] MicroCMS.INFO: Matched route "_wdt" (parameters: "_controller": "web_profiler.controller.profiler:toolbarAction", "token": "581ac8", "_route": "_wdt") [] []
[2014-11-18 08:55:41] MicroCMS.INFO: > GET /_profiler/wdt/581ac8 [] []
[2014-11-18 08:55:41] MicroCMS.INFO: < 200 [] []
[2014-11-18 08:56:26] MicroCMS.INFO: Matched route "_profiler" (parameters: "_controller": "web_profiler.controller.profiler:panelAction", "token": "581ac8", "_route": "_profiler") [] []
[2014-11-18 08:56:26] MicroCMS.INFO: > GET /_profiler/581ac8?panel=time [] []
[2014-11-18 08:56:26] MicroCMS.INFO: Matched route "_wdt" (parameters: "_controller": "web_profiler.controller.profiler:toolbarAction", "token": "581ac8", "_route": "_wdt") [] []
[2014-11-18 08:56:26] MicroCMS.INFO: Matched route "_profiler_search_bar" (parameters: "_controller": "web_profiler.controller.profiler:searchBarAction", "_route": "_profiler_search_bar") [] []
[2014-11-18 08:56:26] MicroCMS.INFO: < 200 [] []
[2014-11-18 08:56:30] MicroCMS.INFO: Matched route "_profiler" (parameters: "_controller": "web_profiler.controller.profiler:panelAction", "token": "581ac8", "_route": "_profiler") [] []
[2014-11-18 08:56:30] MicroCMS.INFO: > GET /_profiler/581ac8?panel=exception [] []
[2014-11-18 08:56:30] MicroCMS.INFO: Matched route "_wdt" (parameters: "_controller": "web_profiler.controller.profiler:toolbarAction", "token": "581ac8", "_route": "_wdt") [] []
[2014-11-18 08:56:30] MicroCMS.INFO: Matched route "_profiler_search_bar" (parameters: "_controller": "web_profiler.controller.profiler:searchBarAction", "_route": "_profiler_search_bar") [] []
[2014-11-18 08:56:30] MicroCMS.INFO: < 200 [] []
[2014-11-18 08:58:08] MicroCMS.INFO: Matched route "_article_id" (parameters: "_controller": "{}", "id": "1", "_route": "_article_id") [] []
[2014-11-18 08:58:08] MicroCMS.INFO: > GET /article/1 [] []
[2014-11-18 08:58:08] MicroCMS.INFO: < 200 [] []
[2014-11-18 08:58:08] MicroCMS.INFO: Matched route "_wdt" (parameters: "_controller": "web_profiler.controller.profiler:toolbarAction", "token": "c04a47", "_route": "_wdt") [] []
[2014-11-18 08:58:08] MicroCMS.INFO: > GET /_profiler/wdt/c04a47 [] []
[2014-11-18 08:58:09] MicroCMS.INFO: < 200 [] []
[2014-11-18 08:59:42] MicroCMS.INFO: Matched route "GET_" (parameters: "_controller": "{}", "_route": "GET_") [] []
[2014-11-18 08:59:42] MicroCMS.INFO: > GET / [] []
[2014-11-18 08:59:42] MicroCMS.INFO: < 200 [] []
[2014-11-18 08:59:42] MicroCMS.INFO: Matched route "_wdt" (parameters: "_controller": "web_profiler.controller.profiler:toolbarAction", "token": "d74996", "_route": "_wdt") [] []
[2014-11-18 08:59:42] MicroCMS.INFO: > GET /_profiler/wdt/d74996 [] []
[2014-11-18 08:59:43] MicroCMS.INFO: < 200 [] []
[2014-11-18 08:59:43] MicroCMS.INFO: Matched route "GET_" (parameters: "_controller": "{}", "_route": "GET_") [] []
[2014-11-18 08:59:43] MicroCMS.INFO: > GET / [] []
[2014-11-18 08:59:43] MicroCMS.INFO: < 200 [] []
[2014-11-18 08:59:43] MicroCMS.INFO: Matched route "_wdt" (parameters: "_controller": "web_profiler.controller.profiler:toolbarAction", "token": "4028a0", "_route": "_wdt") [] []
[2014-11-18 08:59:43] MicroCMS.INFO: > GET /_profiler/wdt/4028a0 [] []
[2014-11-18 08:59:44] MicroCMS.INFO: < 200 [] []
[2014-11-18 09:05:05] MicroCMS.INFO: Matched route "GET_" (parameters: "_controller": "{}", "_route": "GET_") [] []
[2014-11-18 09:05:05] MicroCMS.INFO: > GET / [] []
[2014-11-18 09:05:05] MicroCMS.INFO: < 200 [] []
[2014-11-18 09:05:05] MicroCMS.INFO: Matched route "_wdt" (parameters: "_controller": "web_profiler.controller.profiler:toolbarAction", "token": "66ee23", "_route": "_wdt") [] []
[2014-11-18 09:05:05] MicroCMS.INFO: > GET /_profiler/wdt/66ee23 [] []
[2014-11-18 09:05:06] MicroCMS.INFO: < 200 [] []
[2014-11-18 09:05:12] MicroCMS.ERROR: Symfony\Component\HttpKernel\Exception\NotFoundHttpException: No route found for "GET /dummy" (uncaught exception) at G:\xampp\htdocs\MicroCMS\vendor\symfony\http-kernel\Symfony\Component\HttpKernel\EventListener\RouterListener.php line 145 {"exception":"[object] (Symfony\\Component\\HttpKernel\\Exception\\NotFoundHttpException: No route found for \"GET /dummy\" at G:\\xampp\\htdocs\\MicroCMS\\vendor\\symfony\\http-kernel\\Symfony\\Component\\HttpKernel\\EventListener\\RouterListener.php:145, Symfony\\Component\\Routing\\Exception\\ResourceNotFoundException:  at G:\\xampp\\htdocs\\MicroCMS\\vendor\\symfony\\routing\\Symfony\\Component\\Routing\\Matcher\\UrlMatcher.php:96)"} []
[2014-11-18 09:05:12] MicroCMS.INFO: < 404 [] []
[2014-11-18 09:05:12] MicroCMS.ERROR: Symfony\Component\HttpKernel\Exception\NotFoundHttpException: No route found for "GET /images/404-ghost.png" (from "http://localhost2/dummy") (uncaught exception) at G:\xampp\htdocs\MicroCMS\vendor\symfony\http-kernel\Symfony\Component\HttpKernel\EventListener\RouterListener.php line 145 {"exception":"[object] (Symfony\\Component\\HttpKernel\\Exception\\NotFoundHttpException: No route found for \"GET /images/404-ghost.png\" (from \"http://localhost2/dummy\") at G:\\xampp\\htdocs\\MicroCMS\\vendor\\symfony\\http-kernel\\Symfony\\Component\\HttpKernel\\EventListener\\RouterListener.php:145, Symfony\\Component\\Routing\\Exception\\ResourceNotFoundException:  at G:\\xampp\\htdocs\\MicroCMS\\vendor\\symfony\\routing\\Symfony\\Component\\Routing\\Matcher\\UrlMatcher.php:96)"} []
[2014-11-18 09:05:13] MicroCMS.INFO: < 404 [] []
[2014-11-18 09:05:13] MicroCMS.INFO: Matched route "_wdt" (parameters: "_controller": "web_profiler.controller.profiler:toolbarAction", "token": "662609", "_route": "_wdt") [] []
[2014-11-18 09:05:13] MicroCMS.INFO: > GET /_profiler/wdt/662609 [] []
[2014-11-18 09:05:13] MicroCMS.INFO: < 200 [] []
[2014-11-18 09:15:14] MicroCMS.ERROR: Symfony\Component\HttpKernel\Exception\NotFoundHttpException: No route found for "GET /dummy" (uncaught exception) at G:\xampp\htdocs\MicroCMS\vendor\symfony\http-kernel\Symfony\Component\HttpKernel\EventListener\RouterListener.php line 145 {"exception":"[object] (Symfony\\Component\\HttpKernel\\Exception\\NotFoundHttpException: No route found for \"GET /dummy\" at G:\\xampp\\htdocs\\MicroCMS\\vendor\\symfony\\http-kernel\\Symfony\\Component\\HttpKernel\\EventListener\\RouterListener.php:145, Symfony\\Component\\Routing\\Exception\\ResourceNotFoundException:  at G:\\xampp\\htdocs\\MicroCMS\\vendor\\symfony\\routing\\Symfony\\Component\\Routing\\Matcher\\UrlMatcher.php:96)"} []
[2014-11-18 09:15:14] MicroCMS.INFO: < 404 [] []
[2014-11-18 09:15:14] MicroCMS.INFO: Matched route "_wdt" (parameters: "_controller": "web_profiler.controller.profiler:toolbarAction", "token": "ee6921", "_route": "_wdt") [] []
[2014-11-18 09:15:14] MicroCMS.INFO: > GET /_profiler/wdt/ee6921 [] []
[2014-11-18 09:15:14] MicroCMS.INFO: < 200 [] []
[2014-11-18 09:15:15] MicroCMS.ERROR: Symfony\Component\HttpKernel\Exception\NotFoundHttpException: No route found for "GET /dummy" (uncaught exception) at G:\xampp\htdocs\MicroCMS\vendor\symfony\http-kernel\Symfony\Component\HttpKernel\EventListener\RouterListener.php line 145 {"exception":"[object] (Symfony\\Component\\HttpKernel\\Exception\\NotFoundHttpException: No route found for \"GET /dummy\" at G:\\xampp\\htdocs\\MicroCMS\\vendor\\symfony\\http-kernel\\Symfony\\Component\\HttpKernel\\EventListener\\RouterListener.php:145, Symfony\\Component\\Routing\\Exception\\ResourceNotFoundException:  at G:\\xampp\\htdocs\\MicroCMS\\vendor\\symfony\\routing\\Symfony\\Component\\Routing\\Matcher\\UrlMatcher.php:96)"} []
[2014-11-18 09:15:15] MicroCMS.INFO: < 404 [] []
[2014-11-18 09:15:15] MicroCMS.INFO: Matched route "_wdt" (parameters: "_controller": "web_profiler.controller.profiler:toolbarAction", "token": "3747dc", "_route": "_wdt") [] []
[2014-11-18 09:15:15] MicroCMS.INFO: > GET /_profiler/wdt/3747dc [] []
[2014-11-18 09:15:16] MicroCMS.INFO: < 200 [] []
[2014-11-18 09:15:16] MicroCMS.ERROR: Symfony\Component\HttpKernel\Exception\NotFoundHttpException: No route found for "GET /dummy" (uncaught exception) at G:\xampp\htdocs\MicroCMS\vendor\symfony\http-kernel\Symfony\Component\HttpKernel\EventListener\RouterListener.php line 145 {"exception":"[object] (Symfony\\Component\\HttpKernel\\Exception\\NotFoundHttpException: No route found for \"GET /dummy\" at G:\\xampp\\htdocs\\MicroCMS\\vendor\\symfony\\http-kernel\\Symfony\\Component\\HttpKernel\\EventListener\\RouterListener.php:145, Symfony\\Component\\Routing\\Exception\\ResourceNotFoundException:  at G:\\xampp\\htdocs\\MicroCMS\\vendor\\symfony\\routing\\Symfony\\Component\\Routing\\Matcher\\UrlMatcher.php:96)"} []
[2014-11-18 09:15:16] MicroCMS.INFO: < 404 [] []
[2014-11-18 09:15:17] MicroCMS.INFO: Matched route "_wdt" (parameters: "_controller": "web_profiler.controller.profiler:toolbarAction", "token": "96542a", "_route": "_wdt") [] []
[2014-11-18 09:15:17] MicroCMS.INFO: > GET /_profiler/wdt/96542a [] []
[2014-11-18 09:15:17] MicroCMS.INFO: < 200 [] []
[2014-11-18 09:15:17] MicroCMS.ERROR: Symfony\Component\HttpKernel\Exception\NotFoundHttpException: No route found for "GET /dummy" (uncaught exception) at G:\xampp\htdocs\MicroCMS\vendor\symfony\http-kernel\Symfony\Component\HttpKernel\EventListener\RouterListener.php line 145 {"exception":"[object] (Symfony\\Component\\HttpKernel\\Exception\\NotFoundHttpException: No route found for \"GET /dummy\" at G:\\xampp\\htdocs\\MicroCMS\\vendor\\symfony\\http-kernel\\Symfony\\Component\\HttpKernel\\EventListener\\RouterListener.php:145, Symfony\\Component\\Routing\\Exception\\ResourceNotFoundException:  at G:\\xampp\\htdocs\\MicroCMS\\vendor\\symfony\\routing\\Symfony\\Component\\Routing\\Matcher\\UrlMatcher.php:96)"} []
[2014-11-18 09:15:17] MicroCMS.INFO: < 404 [] []
[2014-11-18 09:15:18] MicroCMS.INFO: Matched route "_wdt" (parameters: "_controller": "web_profiler.controller.profiler:toolbarAction", "token": "e2bc51", "_route": "_wdt") [] []
[2014-11-18 09:15:18] MicroCMS.INFO: > GET /_profiler/wdt/e2bc51 [] []
[2014-11-18 09:15:18] MicroCMS.INFO: < 200 [] []
[2014-11-18 09:15:28] MicroCMS.ERROR: Symfony\Component\HttpKernel\Exception\NotFoundHttpException: No route found for "GET /dummy" (uncaught exception) at G:\xampp\htdocs\MicroCMS\vendor\symfony\http-kernel\Symfony\Component\HttpKernel\EventListener\RouterListener.php line 145 {"exception":"[object] (Symfony\\Component\\HttpKernel\\Exception\\NotFoundHttpException: No route found for \"GET /dummy\" at G:\\xampp\\htdocs\\MicroCMS\\vendor\\symfony\\http-kernel\\Symfony\\Component\\HttpKernel\\EventListener\\RouterListener.php:145, Symfony\\Component\\Routing\\Exception\\ResourceNotFoundException:  at G:\\xampp\\htdocs\\MicroCMS\\vendor\\symfony\\routing\\Symfony\\Component\\Routing\\Matcher\\UrlMatcher.php:96)"} []
[2014-11-18 09:15:28] MicroCMS.INFO: < 404 [] []
[2014-11-18 09:15:28] MicroCMS.INFO: Matched route "_wdt" (parameters: "_controller": "web_profiler.controller.profiler:toolbarAction", "token": "ec07b2", "_route": "_wdt") [] []
[2014-11-18 09:15:28] MicroCMS.INFO: > GET /_profiler/wdt/ec07b2 [] []
[2014-11-18 09:15:28] MicroCMS.INFO: < 200 [] []
[2014-11-18 09:15:31] MicroCMS.ERROR: Symfony\Component\HttpKernel\Exception\NotFoundHttpException: No route found for "GET /dummy" (uncaught exception) at G:\xampp\htdocs\MicroCMS\vendor\symfony\http-kernel\Symfony\Component\HttpKernel\EventListener\RouterListener.php line 145 {"exception":"[object] (Symfony\\Component\\HttpKernel\\Exception\\NotFoundHttpException: No route found for \"GET /dummy\" at G:\\xampp\\htdocs\\MicroCMS\\vendor\\symfony\\http-kernel\\Symfony\\Component\\HttpKernel\\EventListener\\RouterListener.php:145, Symfony\\Component\\Routing\\Exception\\ResourceNotFoundException:  at G:\\xampp\\htdocs\\MicroCMS\\vendor\\symfony\\routing\\Symfony\\Component\\Routing\\Matcher\\UrlMatcher.php:96)"} []
[2014-11-18 09:15:31] MicroCMS.INFO: < 404 [] []
[2014-11-18 09:15:32] MicroCMS.INFO: Matched route "_wdt" (parameters: "_controller": "web_profiler.controller.profiler:toolbarAction", "token": "067356", "_route": "_wdt") [] []
[2014-11-18 09:15:32] MicroCMS.INFO: > GET /_profiler/wdt/067356 [] []
[2014-11-18 09:15:32] MicroCMS.INFO: < 200 [] []
[2014-11-18 09:17:20] MicroCMS.ERROR: Symfony\Component\HttpKernel\Exception\NotFoundHttpException: No route found for "GET /dummy" (uncaught exception) at G:\xampp\htdocs\MicroCMS\vendor\symfony\http-kernel\Symfony\Component\HttpKernel\EventListener\RouterListener.php line 145 {"exception":"[object] (Symfony\\Component\\HttpKernel\\Exception\\NotFoundHttpException: No route found for \"GET /dummy\" at G:\\xampp\\htdocs\\MicroCMS\\vendor\\symfony\\http-kernel\\Symfony\\Component\\HttpKernel\\EventListener\\RouterListener.php:145, Symfony\\Component\\Routing\\Exception\\ResourceNotFoundException:  at G:\\xampp\\htdocs\\MicroCMS\\vendor\\symfony\\routing\\Symfony\\Component\\Routing\\Matcher\\UrlMatcher.php:96)"} []
[2014-11-18 09:17:20] MicroCMS.INFO: < 404 [] []
[2014-11-18 09:17:21] MicroCMS.INFO: Matched route "_wdt" (parameters: "_controller": "web_profiler.controller.profiler:toolbarAction", "token": "3f14ef", "_route": "_wdt") [] []
[2014-11-18 09:17:21] MicroCMS.INFO: > GET /_profiler/wdt/3f14ef [] []
[2014-11-18 09:17:21] MicroCMS.INFO: < 200 [] []
